TN:
SF:classifyTriangle.js
FN:1,classifyTriangle
FNF:1
FNH:1
FNDA:33,classifyTriangle
DA:3,33
DA:4,9
DA:8,24
DA:9,4
DA:13,20
DA:14,6
DA:15,14
DA:16,8
DA:18,6
DA:22,1
LF:10
LH:10
BRDA:3,0,0,9
BRDA:3,0,1,24
BRDA:3,1,0,33
BRDA:3,1,1,30
BRDA:3,1,2,29
BRDA:3,1,3,28
BRDA:3,1,4,27
BRDA:3,1,5,26
BRDA:8,2,0,4
BRDA:8,2,1,20
BRDA:8,3,0,24
BRDA:8,3,1,23
BRDA:8,3,2,23
BRDA:13,4,0,6
BRDA:13,4,1,14
BRDA:13,5,0,20
BRDA:13,5,1,8
BRDA:15,6,0,8
BRDA:15,6,1,6
BRDA:15,7,0,14
BRDA:15,7,1,12
BRDA:15,7,2,8
BRF:22
BRH:22
end_of_record
